<?xml version="1.0" encoding="UTF-8"?>
<testng-results ignored="0" total="1" passed="1" failed="0" skipped="0">
  <reporter-output>
  </reporter-output>
  <suite started-at="2023-05-04T05:25:15 UTC" name="Default suite" finished-at="2023-05-04T05:25:20 UTC" duration-ms="4520">
    <groups>
    </groups>
    <test started-at="2023-05-04T05:25:15 UTC" name="Default test" finished-at="2023-05-04T05:25:20 UTC" duration-ms="4520">
      <class name="Automation.Amelia_Automation.demotest">
        <test-method signature="test()[pri:0, instance:Automation.Amelia_Automation.demotest@65d09a04]" started-at="2023-05-04T05:25:15 UTC" name="test" finished-at="2023-05-04T05:25:20 UTC" duration-ms="4361" status="PASS">
          <reporter-output>
          </reporter-output>
        </test-method> <!-- test -->
      </class> <!-- Automation.Amelia_Automation.demotest -->
    </test> <!-- Default test -->
  </suite> <!-- Default suite -->
</testng-results>
